2021-08-23 15:32:06,329 [INFO] Activator:177 - 


2021-08-23 15:32:06,330 [INFO] Activator:178 - !SESSION log4j initialized
2021-08-23 15:35:12,924 [INFO] Activator:177 - 


2021-08-23 15:35:12,926 [INFO] Activator:178 - !SESSION log4j initialized
2021-08-23 15:35:52,617 [INFO] McuFinderGlobals:39 - Set McuFinder mode to 2 (CubeIDE integrated)
2021-08-23 15:35:53,863 [INFO] ApplicationProperties:181 - Using Application install path: E:\STM32CubeIDE_1.7.0\STM32CubeIDE\plugins\com.st.stm32cube.common.mx_6.3.0.202107141111
2021-08-23 15:35:53,888 [INFO] DbMcusXml:74 - Set database path to: E:\STM32CubeIDE_1.7.0\STM32CubeIDE\plugins\com.st.stm32cube.common.mx_6.3.0.202107141111\\db\/mcu/
2021-08-23 15:35:53,891 [INFO] DbBoardsPdsc:56 - Set plugin database path to: E:\STM32CubeIDE_1.7.0\STM32CubeIDE\plugins\com.st.stm32cube.common.mx_6.3.0.202107141111\\db\/plugins/boardmanager/
2021-08-23 15:35:53,892 [INFO] DbMcus:258 - Set plugin images path to: E:\STM32CubeIDE_1.7.0\STM32CubeIDE\plugins\com.st.stm32cube.common.mx_6.3.0.202107141111\\db\/plugins/mcufinder/images/
2021-08-23 15:35:53,892 [INFO] DbBoards:264 - Set plugin images path to: E:\STM32CubeIDE_1.7.0\STM32CubeIDE\plugins\com.st.stm32cube.common.mx_6.3.0.202107141111\\db\/plugins/mcufinder/images/
2021-08-23 15:35:53,894 [INFO] DbExamples:333 - Set plugin images path to: E:\STM32CubeIDE_1.7.0\STM32CubeIDE\plugins\com.st.stm32cube.common.mx_6.3.0.202107141111\\db\/plugins/mcufinder/images/
2021-08-23 15:35:53,897 [INFO] DbMcusAds:119 - Set database path to: C:\Users\179\.stmcufinder\plugins\mcufinder//mcu/
2021-08-23 15:35:53,898 [INFO] DbMcusDocs:110 - Set database path to: C:\Users\179\.stmcufinder\plugins\mcufinder//mcu/
2021-08-23 15:35:53,900 [INFO] DbMcusJson:64 - Set database path to: C:\Users\179\.stmcufinder\plugins\mcufinder//mcu/
2021-08-23 15:35:53,900 [INFO] DbBoardsDocs:110 - Set database path to: C:\Users\179\.stmcufinder\plugins\mcufinder//mcu/
2021-08-23 15:35:53,901 [INFO] DbBoardsJson:57 - Set database path to: C:\Users\179\.stmcufinder\plugins\mcufinder//mcu/
2021-08-23 15:35:53,904 [INFO] CrossReferenceDbSqlite:196 - Set database path to: C:\Users\179\.stmcufinder\plugins\mcufinder//mcu/cs/
2021-08-23 15:35:53,907 [INFO] DbExamplesSqlite:767 - Set database path to: C:\Users\179\.stmcufinder\plugins\mcufinder//mcu/
2021-08-23 15:35:53,974 [INFO] RulesReader:57 - Compatibility file has been processed (242 Rules)
2021-08-23 15:35:54,040 [INFO] DbMcusXml:74 - Set database path to: E:\STM32CubeIDE_1.7.0\STM32CubeIDE\plugins\com.st.stm32cube.common.mx_6.3.0.202107141111\\db\/mcu/
2021-08-23 15:35:54,040 [INFO] DbBoardsPdsc:56 - Set plugin database path to: E:\STM32CubeIDE_1.7.0\STM32CubeIDE\plugins\com.st.stm32cube.common.mx_6.3.0.202107141111\\db\/plugins/boardmanager/
2021-08-23 15:35:54,041 [INFO] DbMcus:258 - Set plugin images path to: E:\STM32CubeIDE_1.7.0\STM32CubeIDE\plugins\com.st.stm32cube.common.mx_6.3.0.202107141111\\db\/plugins/mcufinder/images/
2021-08-23 15:35:54,041 [INFO] DbBoards:264 - Set plugin images path to: E:\STM32CubeIDE_1.7.0\STM32CubeIDE\plugins\com.st.stm32cube.common.mx_6.3.0.202107141111\\db\/plugins/mcufinder/images/
2021-08-23 15:35:54,041 [INFO] DbExamples:333 - Set plugin images path to: E:\STM32CubeIDE_1.7.0\STM32CubeIDE\plugins\com.st.stm32cube.common.mx_6.3.0.202107141111\\db\/plugins/mcufinder/images/
2021-08-23 15:35:54,041 [WARN] DbFile:35 - Overriding database path with different value: C:\Users\179\.stmcufinder\plugins\mcufinder/ => C:\Users\179\.stmcufinder\plugins\mcufinder
2021-08-23 15:35:54,041 [INFO] DbMcusAds:119 - Set database path to: C:\Users\179\.stmcufinder\plugins\mcufinder//mcu/
2021-08-23 15:35:54,041 [WARN] DbFile:35 - Overriding database path with different value: C:\Users\179\.stmcufinder\plugins\mcufinder/ => C:\Users\179\.stmcufinder\plugins\mcufinder
2021-08-23 15:35:54,041 [INFO] DbMcusDocs:110 - Set database path to: C:\Users\179\.stmcufinder\plugins\mcufinder//mcu/
2021-08-23 15:35:54,042 [WARN] DbFile:35 - Overriding database path with different value: C:\Users\179\.stmcufinder\plugins\mcufinder/ => C:\Users\179\.stmcufinder\plugins\mcufinder
2021-08-23 15:35:54,042 [INFO] DbMcusJson:64 - Set database path to: C:\Users\179\.stmcufinder\plugins\mcufinder//mcu/
2021-08-23 15:35:54,042 [WARN] DbFile:35 - Overriding database path with different value: C:\Users\179\.stmcufinder\plugins\mcufinder/ => C:\Users\179\.stmcufinder\plugins\mcufinder
2021-08-23 15:35:54,042 [INFO] DbBoardsDocs:110 - Set database path to: C:\Users\179\.stmcufinder\plugins\mcufinder//mcu/
2021-08-23 15:35:54,042 [WARN] DbFile:35 - Overriding database path with different value: C:\Users\179\.stmcufinder\plugins\mcufinder/ => C:\Users\179\.stmcufinder\plugins\mcufinder
2021-08-23 15:35:54,042 [INFO] DbBoardsJson:57 - Set database path to: C:\Users\179\.stmcufinder\plugins\mcufinder//mcu/
2021-08-23 15:35:54,042 [WARN] DbFile:35 - Overriding database path with different value: C:\Users\179\.stmcufinder\plugins\mcufinder/ => C:\Users\179\.stmcufinder\plugins\mcufinder
2021-08-23 15:35:54,042 [WARN] DbFile:35 - Overriding database path with different value: C:\Users\179\.stmcufinder\plugins\mcufinder/ => C:\Users\179\.stmcufinder\plugins\mcufinder
2021-08-23 15:35:54,043 [INFO] CrossReferenceDbSqlite:196 - Set database path to: C:\Users\179\.stmcufinder\plugins\mcufinder//mcu/cs/
2021-08-23 15:35:54,043 [WARN] DbFile:35 - Overriding database path with different value: C:\Users\179\.stmcufinder\plugins\mcufinder/ => C:\Users\179\.stmcufinder\plugins\mcufinder
2021-08-23 15:35:54,043 [INFO] DbExamplesSqlite:767 - Set database path to: C:\Users\179\.stmcufinder\plugins\mcufinder//mcu/
2021-08-23 15:35:54,090 [INFO] MainPanel:214 - HeapMemory: 270532608
2021-08-23 15:35:54,142 [INFO] DbMcusXml:74 - Set database path to: E:\STM32CubeIDE_1.7.0\STM32CubeIDE\plugins\com.st.stm32cube.common.mx_6.3.0.202107141111\\db\/mcu/
2021-08-23 15:35:54,142 [INFO] DbBoardsPdsc:56 - Set plugin database path to: E:\STM32CubeIDE_1.7.0\STM32CubeIDE\plugins\com.st.stm32cube.common.mx_6.3.0.202107141111\\db\/plugins/boardmanager/
2021-08-23 15:35:54,142 [INFO] DbMcus:258 - Set plugin images path to: E:\STM32CubeIDE_1.7.0\STM32CubeIDE\plugins\com.st.stm32cube.common.mx_6.3.0.202107141111\\db\/plugins/mcufinder/images/
2021-08-23 15:35:54,143 [INFO] DbBoards:264 - Set plugin images path to: E:\STM32CubeIDE_1.7.0\STM32CubeIDE\plugins\com.st.stm32cube.common.mx_6.3.0.202107141111\\db\/plugins/mcufinder/images/
2021-08-23 15:35:54,143 [INFO] DbExamples:333 - Set plugin images path to: E:\STM32CubeIDE_1.7.0\STM32CubeIDE\plugins\com.st.stm32cube.common.mx_6.3.0.202107141111\\db\/plugins/mcufinder/images/
2021-08-23 15:35:54,143 [WARN] DbFile:35 - Overriding database path with different value: C:\Users\179\.stmcufinder\plugins\mcufinder/ => C:\Users\179\.stmcufinder\plugins\mcufinder
2021-08-23 15:35:54,143 [INFO] DbMcusAds:119 - Set database path to: C:\Users\179\.stmcufinder\plugins\mcufinder//mcu/
2021-08-23 15:35:54,143 [WARN] DbFile:35 - Overriding database path with different value: C:\Users\179\.stmcufinder\plugins\mcufinder/ => C:\Users\179\.stmcufinder\plugins\mcufinder
2021-08-23 15:35:54,143 [INFO] DbMcusDocs:110 - Set database path to: C:\Users\179\.stmcufinder\plugins\mcufinder//mcu/
2021-08-23 15:35:54,143 [WARN] DbFile:35 - Overriding database path with different value: C:\Users\179\.stmcufinder\plugins\mcufinder/ => C:\Users\179\.stmcufinder\plugins\mcufinder
2021-08-23 15:35:54,144 [INFO] DbMcusJson:64 - Set database path to: C:\Users\179\.stmcufinder\plugins\mcufinder//mcu/
2021-08-23 15:35:54,144 [WARN] DbFile:35 - Overriding database path with different value: C:\Users\179\.stmcufinder\plugins\mcufinder/ => C:\Users\179\.stmcufinder\plugins\mcufinder
2021-08-23 15:35:54,144 [INFO] DbBoardsDocs:110 - Set database path to: C:\Users\179\.stmcufinder\plugins\mcufinder//mcu/
2021-08-23 15:35:54,144 [WARN] DbFile:35 - Overriding database path with different value: C:\Users\179\.stmcufinder\plugins\mcufinder/ => C:\Users\179\.stmcufinder\plugins\mcufinder
2021-08-23 15:35:54,144 [INFO] DbBoardsJson:57 - Set database path to: C:\Users\179\.stmcufinder\plugins\mcufinder//mcu/
2021-08-23 15:35:54,144 [WARN] DbFile:35 - Overriding database path with different value: C:\Users\179\.stmcufinder\plugins\mcufinder/ => C:\Users\179\.stmcufinder\plugins\mcufinder
2021-08-23 15:35:54,144 [WARN] DbFile:35 - Overriding database path with different value: C:\Users\179\.stmcufinder\plugins\mcufinder/ => C:\Users\179\.stmcufinder\plugins\mcufinder
2021-08-23 15:35:54,144 [INFO] CrossReferenceDbSqlite:196 - Set database path to: C:\Users\179\.stmcufinder\plugins\mcufinder//mcu/cs/
2021-08-23 15:35:54,145 [WARN] DbFile:35 - Overriding database path with different value: C:\Users\179\.stmcufinder\plugins\mcufinder/ => C:\Users\179\.stmcufinder\plugins\mcufinder
2021-08-23 15:35:54,145 [INFO] DbExamplesSqlite:767 - Set database path to: C:\Users\179\.stmcufinder\plugins\mcufinder//mcu/
2021-08-23 15:35:54,166 [INFO] ApplicationProperties:181 - Using Application install path: E:\STM32CubeIDE_1.7.0\STM32CubeIDE\plugins\com.st.stm32cube.common.mx_6.3.0.202107141111
2021-08-23 15:35:54,167 [INFO] PluginManage:188 - Search for loadable plugins [exclusion list=, ]
2021-08-23 15:35:54,168 [INFO] PluginManage:302 - Check plugin analytics
2021-08-23 15:35:58,804 [INFO] AnalyticsPlugin:257 - Accepted Software Licenses: 
2021-08-23 15:35:58,804 [INFO] AnalyticsPlugin:259 - Accepted CMSIS Pack Licenses: 
2021-08-23 15:35:58,804 [INFO] AnalyticsPlugin:261 - Accepted Firmware Licenses: 
2021-08-23 15:35:58,805 [INFO] PluginManage:352 - Loaded plugin analytics (category:tool,tabindex:-1)
2021-08-23 15:35:58,805 [INFO] PluginManage:302 - Check plugin clock
2021-08-23 15:35:58,813 [INFO] PluginManage:352 - Loaded plugin clock (category:base,tabindex:2)
2021-08-23 15:35:58,813 [INFO] PluginManage:302 - Check plugin ddr
2021-08-23 15:35:58,815 [INFO] PluginManage:352 - Loaded plugin ddr (category:tool,tabindex:6)
2021-08-23 15:35:58,815 [INFO] PluginManage:302 - Check plugin filemanager
2021-08-23 15:35:58,928 [INFO] PluginManage:352 - Loaded plugin filemanager (category:base,tabindex:10)
2021-08-23 15:35:58,929 [INFO] PluginManage:302 - Check plugin ipmanager
2021-08-23 15:35:58,936 [INFO] PluginManage:352 - Loaded plugin ipmanager (category:base,tabindex:5)
2021-08-23 15:35:58,936 [INFO] PluginManage:302 - Check plugin pinoutandconfiguration
2021-08-23 15:35:58,944 [INFO] PluginManage:352 - Loaded plugin pinoutandconfiguration (category:base,tabindex:1)
2021-08-23 15:35:58,944 [INFO] PluginManage:302 - Check plugin pinoutconfig
2021-08-23 15:35:58,966 [INFO] PluginManage:352 - Loaded plugin pinoutconfig (category:base,tabindex:0)
2021-08-23 15:35:58,966 [INFO] PluginManage:302 - Check plugin power
2021-08-23 15:35:58,972 [INFO] PluginManage:352 - Loaded plugin power (category:power,tabindex:4)
2021-08-23 15:35:58,973 [INFO] PluginManage:302 - Check plugin projectmanager
2021-08-23 15:35:58,986 [INFO] PluginManage:352 - Loaded plugin projectmanager (category:projectmanager,tabindex:3)
2021-08-23 15:35:58,986 [INFO] PluginManage:302 - Check plugin thirdparty
2021-08-23 15:35:59,062 [INFO] PluginManage:352 - Loaded plugin thirdparty (category:base,tabindex:-1)
2021-08-23 15:35:59,063 [WARN] IntegrityCheckThread:78 - waiting for thirdparty lock release [integrity check]
2021-08-23 15:35:59,063 [INFO] PluginManage:302 - Check plugin tools
2021-08-23 15:35:59,063 [INFO] IntegrityCheckThread:80 - entering critical section [integrity check]
2021-08-23 15:35:59,064 [INFO] ThirdPartyUpdaterWithRetryManager:66 - Updater plugin not ready yet. [1/15]
2021-08-23 15:35:59,065 [INFO] PluginManage:352 - Loaded plugin tools (category:base,tabindex:7)
2021-08-23 15:35:59,065 [INFO] PluginManage:302 - Check plugin tutovideos
2021-08-23 15:35:59,216 [INFO] PluginManage:352 - Loaded plugin tutovideos (category:base,tabindex:-1)
2021-08-23 15:35:59,216 [INFO] PluginManage:302 - Check plugin updater
2021-08-23 15:35:59,225 [INFO] PluginManage:352 - Loaded plugin updater (category:base,tabindex:12)
2021-08-23 15:35:59,226 [INFO] PluginManage:275 - PluginManage : Loaded plugins [13]
2021-08-23 15:35:59,364 [INFO] PinOutPanel:1463 - setPackage(No Configuration,No Configuration)
2021-08-23 15:35:59,436 [INFO] IPUIPlugin:74 - create IPUIPlugin
2021-08-23 15:35:59,436 [INFO] PluginManager:213 - loadIPPluginJar : add adc
2021-08-23 15:35:59,438 [INFO] IPUIPlugin:74 - create IPUIPlugin
2021-08-23 15:35:59,438 [INFO] PluginManager:213 - loadIPPluginJar : add aes
2021-08-23 15:35:59,439 [INFO] IPUIPlugin:74 - create IPUIPlugin
2021-08-23 15:35:59,440 [INFO] PluginManager:213 - loadIPPluginJar : add can
2021-08-23 15:35:59,441 [INFO] IPUIPlugin:74 - create IPUIPlugin
2021-08-23 15:35:59,441 [INFO] PluginManager:213 - loadIPPluginJar : add comp
2021-08-23 15:35:59,443 [INFO] IPUIPlugin:74 - create IPUIPlugin
2021-08-23 15:35:59,443 [INFO] PluginManager:213 - loadIPPluginJar : add cryp
2021-08-23 15:35:59,445 [INFO] IPUIPlugin:74 - create IPUIPlugin
2021-08-23 15:35:59,445 [INFO] PluginManager:213 - loadIPPluginJar : add dfsdm
2021-08-23 15:35:59,450 [INFO] IPUIPlugin:74 - create IPUIPlugin
2021-08-23 15:35:59,450 [INFO] PluginManager:213 - loadIPPluginJar : add dma
2021-08-23 15:35:59,453 [INFO] IPUIPlugin:74 - create IPUIPlugin
2021-08-23 15:35:59,453 [INFO] PluginManager:213 - loadIPPluginJar : add dma3
2021-08-23 15:35:59,454 [INFO] IPUIPlugin:74 - create IPUIPlugin
2021-08-23 15:35:59,455 [INFO] PluginManager:213 - loadIPPluginJar : add fatfs
2021-08-23 15:35:59,459 [INFO] IPUIPlugin:74 - create IPUIPlugin
2021-08-23 15:35:59,459 [INFO] PluginManager:213 - loadIPPluginJar : add fmc
2021-08-23 15:35:59,477 [INFO] IPUIPlugin:74 - create IPUIPlugin
2021-08-23 15:35:59,478 [INFO] PluginManager:213 - loadIPPluginJar : add freertos
2021-08-23 15:35:59,479 [INFO] IPUIPlugin:74 - create IPUIPlugin
2021-08-23 15:35:59,479 [INFO] PluginManager:213 - loadIPPluginJar : add genericplugin
2021-08-23 15:35:59,480 [INFO] IPUIPlugin:74 - create IPUIPlugin
2021-08-23 15:35:59,480 [INFO] PluginManager:213 - loadIPPluginJar : add gfxmmu
2021-08-23 15:35:59,484 [INFO] IPUIPlugin:74 - create IPUIPlugin
2021-08-23 15:35:59,484 [INFO] PluginManager:213 - loadIPPluginJar : add gic
2021-08-23 15:35:59,487 [INFO] IPUIPlugin:74 - create IPUIPlugin
2021-08-23 15:35:59,488 [INFO] PluginManager:213 - loadIPPluginJar : add gpio
2021-08-23 15:35:59,489 [INFO] IPUIPlugin:74 - create IPUIPlugin
2021-08-23 15:35:59,490 [INFO] PluginManager:213 - loadIPPluginJar : add gtzc
2021-08-23 15:35:59,491 [INFO] IPUIPlugin:74 - create IPUIPlugin
2021-08-23 15:35:59,491 [INFO] PluginManager:213 - loadIPPluginJar : add hash
2021-08-23 15:35:59,493 [INFO] IPUIPlugin:74 - create IPUIPlugin
2021-08-23 15:35:59,493 [INFO] PluginManager:213 - loadIPPluginJar : add i2c
2021-08-23 15:35:59,496 [INFO] IPUIPlugin:74 - create IPUIPlugin
2021-08-23 15:35:59,496 [INFO] PluginManager:213 - loadIPPluginJar : add i2s
2021-08-23 15:35:59,498 [INFO] IPUIPlugin:74 - create IPUIPlugin
2021-08-23 15:35:59,499 [INFO] PluginManager:213 - loadIPPluginJar : add ipddr
2021-08-23 15:35:59,505 [INFO] IPUIPlugin:74 - create IPUIPlugin
2021-08-23 15:35:59,506 [INFO] PluginManager:213 - loadIPPluginJar : add linkedlist
2021-08-23 15:35:59,507 [INFO] IPUIPlugin:74 - create IPUIPlugin
2021-08-23 15:35:59,507 [INFO] PluginManager:213 - loadIPPluginJar : add lorawan
2021-08-23 15:35:59,508 [INFO] IPUIPlugin:74 - create IPUIPlugin
2021-08-23 15:35:59,508 [INFO] PluginManager:213 - loadIPPluginJar : add ltdc
2021-08-23 15:35:59,511 [INFO] IPUIPlugin:74 - create IPUIPlugin
2021-08-23 15:35:59,511 [INFO] PluginManager:213 - loadIPPluginJar : add mdma
2021-08-23 15:35:59,513 [INFO] IPUIPlugin:74 - create IPUIPlugin
2021-08-23 15:35:59,513 [INFO] PluginManager:213 - loadIPPluginJar : add nvic
2021-08-23 15:35:59,515 [INFO] IPUIPlugin:74 - create IPUIPlugin
2021-08-23 15:35:59,515 [INFO] PluginManager:213 - loadIPPluginJar : add opamp
2021-08-23 15:35:59,517 [INFO] IPUIPlugin:74 - create IPUIPlugin
2021-08-23 15:35:59,517 [INFO] PluginManager:213 - loadIPPluginJar : add openamp
2021-08-23 15:35:59,519 [INFO] IPUIPlugin:74 - create IPUIPlugin
2021-08-23 15:35:59,519 [INFO] PluginManager:213 - loadIPPluginJar : add pdm2pcm
2021-08-23 15:35:59,524 [INFO] IPUIPlugin:74 - create IPUIPlugin
2021-08-23 15:35:59,526 [INFO] PluginManager:213 - loadIPPluginJar : add plateformsettings
2021-08-23 15:35:59,527 [INFO] IPUIPlugin:74 - create IPUIPlugin
2021-08-23 15:35:59,527 [INFO] PluginManager:213 - loadIPPluginJar : add quadspi
2021-08-23 15:35:59,529 [INFO] IPUIPlugin:74 - create IPUIPlugin
2021-08-23 15:35:59,529 [INFO] PluginManager:213 - loadIPPluginJar : add resmgrutility
2021-08-23 15:35:59,531 [INFO] IPUIPlugin:74 - create IPUIPlugin
2021-08-23 15:35:59,531 [INFO] PluginManager:213 - loadIPPluginJar : add sai
2021-08-23 15:35:59,533 [INFO] IPUIPlugin:74 - create IPUIPlugin
2021-08-23 15:35:59,533 [INFO] PluginManager:213 - loadIPPluginJar : add spi
2021-08-23 15:35:59,536 [INFO] IPUIPlugin:74 - create IPUIPlugin
2021-08-23 15:35:59,536 [INFO] PluginManager:213 - loadIPPluginJar : add stm32_wpan
2021-08-23 15:35:59,537 [INFO] IPUIPlugin:74 - create IPUIPlugin
2021-08-23 15:35:59,537 [INFO] PluginManager:213 - loadIPPluginJar : add tim
2021-08-23 15:35:59,539 [INFO] IPUIPlugin:74 - create IPUIPlugin
2021-08-23 15:35:59,539 [INFO] PluginManager:213 - loadIPPluginJar : add touchsensing
2021-08-23 15:35:59,540 [INFO] IPUIPlugin:74 - create IPUIPlugin
2021-08-23 15:35:59,540 [INFO] PluginManager:213 - loadIPPluginJar : add tracer_emb
2021-08-23 15:35:59,541 [INFO] IPUIPlugin:74 - create IPUIPlugin
2021-08-23 15:35:59,541 [INFO] PluginManager:213 - loadIPPluginJar : add ts
2021-08-23 15:35:59,542 [INFO] IPUIPlugin:74 - create IPUIPlugin
2021-08-23 15:35:59,543 [INFO] PluginManager:213 - loadIPPluginJar : add tsc
2021-08-23 15:35:59,543 [INFO] IPUIPlugin:74 - create IPUIPlugin
2021-08-23 15:35:59,544 [INFO] PluginManager:213 - loadIPPluginJar : add ucpd
2021-08-23 15:35:59,545 [INFO] IPUIPlugin:74 - create IPUIPlugin
2021-08-23 15:35:59,545 [INFO] PluginManager:213 - loadIPPluginJar : add usart
2021-08-23 15:35:59,547 [INFO] IPUIPlugin:74 - create IPUIPlugin
2021-08-23 15:35:59,547 [INFO] PluginManager:213 - loadIPPluginJar : add usbx
2021-08-23 15:35:59,800 [FATAL] Updater:294 - Updater called before beeing initialized
2021-08-23 15:35:59,904 [FATAL] Updater:294 - Updater called before beeing initialized
2021-08-23 15:35:59,909 [INFO] DbMcusAds:47 - JSON generation date=Wed Aug 18 21:13:17 ICT 2021 (1629295997381)
2021-08-23 15:35:59,909 [FATAL] Updater:294 - Updater called before beeing initialized
2021-08-23 15:35:59,938 [WARN] DetailPanel:314 - Failed to get advertising image, set to default
2021-08-23 15:36:00,012 [FATAL] Updater:294 - Updater called before beeing initialized
2021-08-23 15:36:00,014 [FATAL] Updater:294 - Updater called before beeing initialized
2021-08-23 15:36:00,014 [FATAL] Updater:294 - Updater called before beeing initialized
2021-08-23 15:36:00,014 [WARN] DetailPanel:314 - Failed to get advertising image, set to default
2021-08-23 15:36:00,020 [FATAL] Updater:294 - Updater called before beeing initialized
2021-08-23 15:36:00,059 [ERROR] Updater:1075 - MainUpdater not yet initialized. External WinMGr cannot be set.
2021-08-23 15:36:00,061 [INFO] Updater:1012 - Updater Version found : 6.3.0
2021-08-23 15:36:00,075 [INFO] ApplicationProperties:181 - Using Application install path: E:\STM32CubeIDE_1.7.0\STM32CubeIDE\plugins\com.st.stm32cube.common.mx_6.3.0.202107141111
2021-08-23 15:36:00,195 [INFO] MainUpdater:2671 - connection check result : 10
2021-08-23 15:36:00,195 [INFO] MainUpdater:265 - Updater Check For Update Now.
2021-08-23 15:36:00,195 [INFO] MicroXplorer:478 - Change Database Version : DB.6.0.30
2021-08-23 15:36:00,334 [INFO] CheckServerUpdateThread:112 - End of CheckServer Thread
2021-08-23 15:36:00,410 [INFO] MainUpdater:2671 - connection check result : 10
2021-08-23 15:36:00,411 [INFO] MainUpdater:2671 - connection check result : 10
2021-08-23 15:36:00,474 [INFO] MicroXplorer:448 - Change Database Path : 
2021-08-23 15:36:00,474 [INFO] MicroXplorer:478 - Change Database Version : DB.6.0.30
2021-08-23 15:36:00,475 [WARN] ThirdParty:813 - waiting for thirdparty lock release [close project]
2021-08-23 15:36:02,176 [WARN] PackLoader:238 - Cannot read IP mode file for RoweBots.I-CUBE-UNISONRTOS.5.5.0-4
2021-08-23 15:36:02,249 [WARN] PackLoader:238 - Cannot read IP mode file for STMicroelectronics.X-CUBE-MEMS1.9.0.0
2021-08-23 15:36:02,472 [WARN] PackLoader:238 - Cannot read IP mode file for STMicroelectronics.X-CUBE-AZRTOS-H7.1.1.0
2021-08-23 15:36:02,527 [WARN] PackLoader:238 - Cannot read IP mode file for SEGGER.I-CUBE-embOS.1.2.0
2021-08-23 15:36:02,573 [WARN] PackLoader:238 - Cannot read IP mode file for STMicroelectronics.X-CUBE-BLE1.6.2.1
2021-08-23 15:36:02,577 [WARN] PackLoader:238 - Cannot read IP mode file for STMicroelectronics.X-CUBE-BLE2.3.2.1
2021-08-23 15:36:02,580 [WARN] PackLoader:238 - Cannot read IP mode file for STMicroelectronics.X-CUBE-NFC4.2.0.3
2021-08-23 15:36:02,583 [WARN] PackLoader:238 - Cannot read IP mode file for wolfSSL.I-CUBE-wolfSSL.4.8.0
2021-08-23 15:36:02,586 [WARN] PackLoader:238 - Cannot read IP mode file for STMicroelectronics.X-CUBE-TOUCHGFX.4.17.0
2021-08-23 15:36:02,590 [WARN] PackLoader:238 - Cannot read IP mode file for STMicroelectronics.X-CUBE-SFXS2LP1.3.1.0
2021-08-23 15:36:02,595 [WARN] PackLoader:238 - Cannot read IP mode file for STMicroelectronics.X-CUBE-TOF1.2.0.0
2021-08-23 15:36:02,603 [WARN] PackLoader:238 - Cannot read IP mode file for STMicroelectronics.X-CUBE-SUBG2.4.2.0
2021-08-23 15:36:02,610 [WARN] PackLoader:238 - Cannot read IP mode file for STMicroelectronics.X-CUBE-ALS.1.0.1
2021-08-23 15:36:02,612 [WARN] PackLoader:238 - Cannot read IP mode file for STMicroelectronics.X-CUBE-AI.7.0.0
2021-08-23 15:36:02,615 [WARN] PackLoader:238 - Cannot read IP mode file for STMicroelectronics.X-CUBE-ALGOBUILD.1.2.1
2021-08-23 15:36:02,618 [WARN] PackLoader:238 - Cannot read IP mode file for STMicroelectronics.X-CUBE-DISPLAY.1.0.0
2021-08-23 15:36:02,621 [WARN] PackLoader:238 - Cannot read IP mode file for STMicroelectronics.X-CUBE-EEPRMA1.3.1.0
2021-08-23 15:36:02,630 [WARN] PackLoader:238 - Cannot read IP mode file for STMicroelectronics.X-CUBE-GNSS1.5.2.0
2021-08-23 15:36:02,631 [INFO] ThirdParty:915 - Integrity check success = true
2021-08-23 15:36:02,631 [INFO] IntegrityCheckThread:94 - exiting critical section [integrity check]
2021-08-23 15:36:02,631 [INFO] IntegrityCheckThread:97 - End integrity checks thread
2021-08-23 15:36:02,631 [INFO] ThirdParty:815 - entering critical section [close project]
2021-08-23 15:36:02,632 [INFO] ThirdParty:825 - exiting critical section [close project]
2021-08-23 15:36:02,635 [INFO] PinOutPanel:1463 - setPackage(No Configuration,No Configuration)
2021-08-23 15:36:02,636 [INFO] UtilMem:74 - Begin LoadConfig() Used Memory: 271927408 Bytes (408944640)
2021-08-23 15:36:02,637 [INFO] MicroXplorer:448 - Change Database Path : 
2021-08-23 15:36:02,637 [INFO] MicroXplorer:478 - Change Database Version : DB.6.0.30
2021-08-23 15:36:02,637 [INFO] OpenFileManager:313 - Change cursor
2021-08-23 15:36:04,843 [INFO] Context:592 - Trying to add GPIOservice into a context  which must be forbidden
2021-08-23 15:36:05,393 [WARN] ApiManager:304 - Cannot register API 'Board Extension:S2868A1' from pack STMicroelectronics.X-CUBE-SFXS2LP1.3.1.0: no header file found
2021-08-23 15:36:05,394 [WARN] ApiManager:304 - Cannot register API 'Board Extension:S2868A2' from pack STMicroelectronics.X-CUBE-SFXS2LP1.3.1.0: no header file found
2021-08-23 15:36:05,394 [WARN] ApiManager:304 - Cannot register API 'Board Extension:S2915A1' from pack STMicroelectronics.X-CUBE-SFXS2LP1.3.1.0: no header file found
2021-08-23 15:36:05,401 [WARN] ModelIntegratedComponent:60 - No mode defined for component null
2021-08-23 15:36:05,401 [WARN] ModelIntegratedComponent:60 - No mode defined for component null
2021-08-23 15:36:05,401 [WARN] ModelIntegratedComponent:60 - No mode defined for component null
2021-08-23 15:36:05,401 [WARN] ModelIntegratedComponent:60 - No mode defined for component null
2021-08-23 15:36:05,401 [WARN] ModelIntegratedComponent:60 - No mode defined for component null
2021-08-23 15:36:05,401 [WARN] ModelIntegratedComponent:60 - No mode defined for component null
2021-08-23 15:36:05,401 [WARN] ModelIntegratedComponent:60 - No mode defined for component null
2021-08-23 15:36:05,401 [WARN] ModelIntegratedComponent:60 - No mode defined for component null
2021-08-23 15:36:05,401 [WARN] ModelIntegratedComponent:60 - No mode defined for component null
2021-08-23 15:36:05,401 [WARN] ModelIntegratedComponent:60 - No mode defined for component null
2021-08-23 15:36:05,401 [WARN] ModelIntegratedComponent:60 - No mode defined for component null
2021-08-23 15:36:05,401 [WARN] ModelIntegratedComponent:60 - No mode defined for component null
2021-08-23 15:36:05,401 [WARN] ModelIntegratedComponent:60 - No mode defined for component null
2021-08-23 15:36:05,402 [WARN] ModelIntegratedComponent:60 - No mode defined for component null
2021-08-23 15:36:05,402 [WARN] ModelIntegratedComponent:60 - No mode defined for component null
2021-08-23 15:36:05,402 [WARN] ModelIntegratedComponent:60 - No mode defined for component null
2021-08-23 15:36:05,402 [WARN] ModelIntegratedComponent:60 - No mode defined for component null
2021-08-23 15:36:05,402 [WARN] ModelIntegratedComponent:60 - No mode defined for component null
2021-08-23 15:36:05,402 [WARN] ModelIntegratedComponent:60 - No mode defined for component null
2021-08-23 15:36:05,402 [WARN] ModelIntegratedComponent:60 - No mode defined for component null
2021-08-23 15:36:05,402 [WARN] ModelIntegratedComponent:60 - No mode defined for component null
2021-08-23 15:36:05,402 [WARN] ModelIntegratedComponent:60 - No mode defined for component null
2021-08-23 15:36:05,402 [WARN] ModelIntegratedComponent:60 - No mode defined for component null
2021-08-23 15:36:05,402 [WARN] ModelIntegratedComponent:60 - No mode defined for component null
2021-08-23 15:36:05,402 [WARN] ModelIntegratedComponent:60 - No mode defined for component null
2021-08-23 15:36:05,402 [WARN] ModelIntegratedComponent:60 - No mode defined for component null
2021-08-23 15:36:05,402 [WARN] ModelIntegratedComponent:60 - No mode defined for component null
2021-08-23 15:36:05,402 [WARN] ModelIntegratedComponent:60 - No mode defined for component null
2021-08-23 15:36:05,403 [WARN] ModelIntegratedComponent:60 - No mode defined for component null
2021-08-23 15:36:05,403 [WARN] ModelIntegratedComponent:60 - No mode defined for component null
2021-08-23 15:36:05,403 [WARN] ModelIntegratedComponent:60 - No mode defined for component null
2021-08-23 15:36:05,554 [WARN] ApiManager:304 - Cannot register API 'Board Extension:IKS01A3' from pack STMicroelectronics.X-CUBE-MEMS1.9.0.0: no header file found
2021-08-23 15:36:05,554 [WARN] ApiManager:304 - Cannot register API 'Board Extension:IKS01A2' from pack STMicroelectronics.X-CUBE-MEMS1.9.0.0: no header file found
2021-08-23 15:36:05,554 [WARN] ApiManager:304 - Cannot register API 'Board Extension:IKS02A1' from pack STMicroelectronics.X-CUBE-MEMS1.9.0.0: no header file found
2021-08-23 15:36:05,563 [WARN] ApiManager:304 - Cannot register API 'Board Extension:S2868A1' from pack STMicroelectronics.X-CUBE-SUBG2.4.2.0: no header file found
2021-08-23 15:36:05,564 [WARN] ApiManager:304 - Cannot register API 'Board Extension:S2868A2' from pack STMicroelectronics.X-CUBE-SUBG2.4.2.0: no header file found
2021-08-23 15:36:05,564 [WARN] ApiManager:304 - Cannot register API 'Board Extension:S2915A1' from pack STMicroelectronics.X-CUBE-SUBG2.4.2.0: no header file found
2021-08-23 15:36:05,566 [INFO] RtosManager:484 - Registered RTOS mode: class=CMSIS, group=RTOS, mode=CMSIS_V1, owner=FREERTOS
2021-08-23 15:36:05,566 [INFO] RtosManager:484 - Registered RTOS mode: class=CMSIS, group=RTOS2, mode=CMSIS_V2, owner=FREERTOS
2021-08-23 15:36:05,566 [INFO] RtosManager:484 - Registered RTOS mode: class=RTOS, group=Core, mode=CMSIS_V1, owner=FREERTOS
2021-08-23 15:36:05,567 [INFO] RtosManager:484 - Registered RTOS mode: class=RTOS, group=Core, mode=CMSIS_V2, owner=FREERTOS
2021-08-23 15:36:05,567 [WARN] ModelIntegratedComponent:181 - Missing modes for component STMicroelectronics:FreeRTOS:0.0.1:STMicroelectronics:RTOS:FreeRTOS:Core:::10.2.0:
2021-08-23 15:36:05,572 [WARN] ApiManager:304 - Cannot register API 'Board Extension:EEPRMA1' from pack STMicroelectronics.X-CUBE-EEPRMA1.3.1.0: no header file found
2021-08-23 15:36:05,573 [WARN] ApiManager:304 - Cannot register API 'Board Extension:EEPRMA2' from pack STMicroelectronics.X-CUBE-EEPRMA1.3.1.0: no header file found
2021-08-23 15:36:05,573 [WARN] ApiManager:304 - Cannot register API 'Board Extension:GNSS1A1' from pack STMicroelectronics.X-CUBE-GNSS1.5.2.0: no header file found
2021-08-23 15:36:05,573 [WARN] ApiManager:304 - Cannot register API 'Board Support:Custom' from pack STMicroelectronics.X-CUBE-GNSS1.5.2.0: no header file found
2021-08-23 15:36:05,573 [WARN] ApiManager:304 - Cannot register API 'Data Exchange:lib_gnss' from pack STMicroelectronics.X-CUBE-GNSS1.5.2.0: no header file found
2021-08-23 15:36:05,574 [WARN] ApiManager:304 - Cannot register API 'Wireless:BlueNRG-MS' from pack STMicroelectronics.X-CUBE-BLE1.6.2.1: no header file found
2021-08-23 15:36:05,574 [WARN] ApiManager:304 - Cannot register API 'Wireless:BlueNRG-2' from pack STMicroelectronics.X-CUBE-BLE2.3.2.1: no header file found
2021-08-23 15:36:05,575 [WARN] ApiManager:304 - Cannot register API 'Board Extension:NFC04A1' from pack STMicroelectronics.X-CUBE-NFC4.2.0.3: no header file found
2021-08-23 15:36:06,387 [INFO] UtilMem:74 - End LoadConfig() Used Memory: 407629208 Bytes (516947968)
2021-08-23 15:36:06,389 [INFO] DbMcusXml:100 - Load MCU database from E:\STM32CubeIDE_1.7.0\STM32CubeIDE\plugins\com.st.stm32cube.common.mx_6.3.0.202107141111\\db\/mcu/families.xml
2021-08-23 15:36:07,197 [INFO] DbMcusJson:93 - JSON generation date=Mon Jun 07 15:53:21 ICT 2021 (1623056001)
2021-08-23 15:36:07,751 [INFO] DbMcus:175 - Found 1951 MCUs (1903 are supported by CubeMX, 1903 are visible in CubeMX)
2021-08-23 15:36:07,752 [INFO] ApiDb:251 - Load user favorites file C:\Users\179/.stm32cubeide/favorites.mcus.txt: 1 item(s)
2021-08-23 15:36:07,752 [INFO] ApiDb:255 - User favorites MCUs=[STM32F429ZITx]
2021-08-23 15:36:07,752 [INFO] DbMcus:187 - Set 1 / 1 favorites MCUs
2021-08-23 15:36:07,754 [WARN] ThirdParty:779 - waiting for thirdparty lock release [change project]
2021-08-23 15:36:07,754 [INFO] ThirdParty:781 - entering critical section [change project]
2021-08-23 15:36:07,754 [INFO] ThirdParty:967 - CMSIS Pack Vendor :STMicroelectronics X-CUBE-SFXS2LP1 3.1.0
2021-08-23 15:36:07,754 [INFO] ThirdParty:967 - CMSIS Pack Vendor :RoweBots I-CUBE-UNISONRTOS 5.5.0-4
2021-08-23 15:36:07,754 [INFO] ThirdParty:967 - CMSIS Pack Vendor :STMicroelectronics USB_HOST 2.0.0
2021-08-23 15:36:07,754 [INFO] ThirdParty:967 - CMSIS Pack Vendor :STMicroelectronics USB_DEVICE 3.0.0
2021-08-23 15:36:07,754 [INFO] ThirdParty:967 - CMSIS Pack Vendor :STMicroelectronics X-CUBE-TOF1 2.0.0
2021-08-23 15:36:07,754 [INFO] ThirdParty:967 - CMSIS Pack Vendor :STMicroelectronics HAL Drivers 0.0.0
2021-08-23 15:36:07,754 [INFO] ThirdParty:967 - CMSIS Pack Vendor :STMicroelectronics MBEDTLS 2.16.2
2021-08-23 15:36:07,754 [INFO] ThirdParty:967 - CMSIS Pack Vendor :STMicroelectronics MBEDTLS 2.14.1
2021-08-23 15:36:07,754 [INFO] ThirdParty:967 - CMSIS Pack Vendor :STMicroelectronics X-CUBE-MEMS1 9.0.0
2021-08-23 15:36:07,755 [INFO] ThirdParty:967 - CMSIS Pack Vendor :STMicroelectronics X-CUBE-AZRTOS-H7 1.1.0
2021-08-23 15:36:07,755 [INFO] ThirdParty:967 - CMSIS Pack Vendor :STMicroelectronics X-CUBE-SUBG2 4.2.0
2021-08-23 15:36:07,755 [INFO] ThirdParty:967 - CMSIS Pack Vendor :STMicroelectronics X-CUBE-ALS 1.0.1
2021-08-23 15:36:07,755 [INFO] ThirdParty:967 - CMSIS Pack Vendor :STMicroelectronics USB_DEVICE 2.0.0
2021-08-23 15:36:07,755 [INFO] ThirdParty:967 - CMSIS Pack Vendor :STMicroelectronics X-CUBE-AI 7.0.0
2021-08-23 15:36:07,755 [INFO] ThirdParty:967 - CMSIS Pack Vendor :STMicroelectronics X-CUBE-ALGOBUILD 1.2.1
2021-08-23 15:36:07,755 [INFO] ThirdParty:967 - CMSIS Pack Vendor :STMicroelectronics X-CUBE-DISPLAY 1.0.0
2021-08-23 15:36:07,755 [INFO] ThirdParty:967 - CMSIS Pack Vendor :STMicroelectronics FreeRTOS 0.0.1
2021-08-23 15:36:07,755 [INFO] ThirdParty:967 - CMSIS Pack Vendor :STMicroelectronics USB_DEVICE 1.0.0
2021-08-23 15:36:07,755 [INFO] ThirdParty:967 - CMSIS Pack Vendor :SEGGER I-CUBE-embOS 1.2.0
2021-08-23 15:36:07,755 [INFO] ThirdParty:967 - CMSIS Pack Vendor :STMicroelectronics X-CUBE-EEPRMA1 3.1.0
2021-08-23 15:36:07,755 [INFO] ThirdParty:967 - CMSIS Pack Vendor :STMicroelectronics X-CUBE-GNSS1 5.2.0
2021-08-23 15:36:07,755 [INFO] ThirdParty:967 - CMSIS Pack Vendor :STMicroelectronics ThreadX 0.0.2
2021-08-23 15:36:07,755 [INFO] ThirdParty:967 - CMSIS Pack Vendor :STMicroelectronics lwIP 2.0.3
2021-08-23 15:36:07,755 [INFO] ThirdParty:967 - CMSIS Pack Vendor :STMicroelectronics lwIP 2.1.2
2021-08-23 15:36:07,755 [INFO] ThirdParty:967 - CMSIS Pack Vendor :STMicroelectronics X-CUBE-BLE1 6.2.1
2021-08-23 15:36:07,755 [INFO] ThirdParty:967 - CMSIS Pack Vendor :STMicroelectronics X-CUBE-BLE2 3.2.1
2021-08-23 15:36:07,755 [INFO] ThirdParty:967 - CMSIS Pack Vendor :STMicroelectronics USB_HOST 1.0.0
2021-08-23 15:36:07,755 [INFO] ThirdParty:967 - CMSIS Pack Vendor :STMicroelectronics X-CUBE-NFC4 2.0.3
2021-08-23 15:36:07,756 [INFO] ThirdParty:967 - CMSIS Pack Vendor :wolfSSL I-CUBE-wolfSSL 4.8.0
2021-08-23 15:36:07,756 [INFO] ThirdParty:967 - CMSIS Pack Vendor :STMicroelectronics X-CUBE-TOUCHGFX 4.17.0
2021-08-23 15:36:07,756 [INFO] ThirdParty:967 - CMSIS Pack Vendor :STMicroelectronics PDM2PCM 3.1.0
2021-08-23 15:36:07,756 [INFO] ThirdParty:967 - CMSIS Pack Vendor :STMicroelectronics PDM2PCM 3.2.0
2021-08-23 15:36:07,756 [INFO] ThirdParty:967 - CMSIS Pack Vendor :STMicroelectronics PDM2PCM 3.3.0
2021-08-23 15:36:07,756 [INFO] ThirdParty:787 - exiting critical section [change project]
2021-08-23 15:36:08,227 [INFO] PinOutPanel:1463 - setPackage(No Configuration,No Configuration)
2021-08-23 15:36:08,228 [INFO] PinOutPanel:1463 - setPackage(STM32F429ZITx,LQFP144)
2021-08-23 15:36:08,618 [INFO] UtilMem:74 - Before build in PCC Used Memory: 496312248 Bytes (754974720)
2021-08-23 15:36:09,140 [INFO] UtilMem:74 - After build in PCC Used Memory: 401140496 Bytes (754974720)
2021-08-23 15:36:09,174 [INFO] IPUIPlugin:74 - create IPUIPlugin
2021-08-23 15:36:09,175 [INFO] IPUIPlugin:74 - create IPUIPlugin
2021-08-23 15:36:09,175 [INFO] IPUIPlugin:74 - create IPUIPlugin
2021-08-23 15:36:09,175 [INFO] IPUIPlugin:74 - create IPUIPlugin
2021-08-23 15:36:09,175 [INFO] IPUIPlugin:74 - create IPUIPlugin
2021-08-23 15:36:09,175 [INFO] IPUIPlugin:74 - create IPUIPlugin
2021-08-23 15:36:09,175 [INFO] IPUIPlugin:74 - create IPUIPlugin
2021-08-23 15:36:09,175 [INFO] IPUIPlugin:74 - create IPUIPlugin
2021-08-23 15:36:09,175 [INFO] IPUIPlugin:74 - create IPUIPlugin
2021-08-23 15:36:09,176 [INFO] IPUIPlugin:74 - create IPUIPlugin
2021-08-23 15:36:09,176 [INFO] IPUIPlugin:74 - create IPUIPlugin
2021-08-23 15:36:09,176 [INFO] IPUIPlugin:74 - create IPUIPlugin
2021-08-23 15:36:09,176 [INFO] IPUIPlugin:74 - create IPUIPlugin
2021-08-23 15:36:09,176 [INFO] IPUIPlugin:74 - create IPUIPlugin
2021-08-23 15:36:09,176 [INFO] IPUIPlugin:74 - create IPUIPlugin
2021-08-23 15:36:09,177 [INFO] IPUIPlugin:74 - create IPUIPlugin
2021-08-23 15:36:09,177 [INFO] IPUIPlugin:74 - create IPUIPlugin
2021-08-23 15:36:09,177 [INFO] IPUIPlugin:74 - create IPUIPlugin
2021-08-23 15:36:09,177 [INFO] IPUIPlugin:74 - create IPUIPlugin
2021-08-23 15:36:09,177 [INFO] IPUIPlugin:74 - create IPUIPlugin
2021-08-23 15:36:09,178 [INFO] IPUIPlugin:74 - create IPUIPlugin
2021-08-23 15:36:09,178 [INFO] IPUIPlugin:74 - create IPUIPlugin
2021-08-23 15:36:09,178 [INFO] IPUIPlugin:74 - create IPUIPlugin
2021-08-23 15:36:09,178 [INFO] IPUIPlugin:74 - create IPUIPlugin
2021-08-23 15:36:09,179 [INFO] IPUIPlugin:74 - create IPUIPlugin
2021-08-23 15:36:09,179 [INFO] IPUIPlugin:74 - create IPUIPlugin
2021-08-23 15:36:09,180 [INFO] IPUIPlugin:74 - create IPUIPlugin
2021-08-23 15:36:09,180 [INFO] IPUIPlugin:74 - create IPUIPlugin
2021-08-23 15:36:09,180 [INFO] IPUIPlugin:74 - create IPUIPlugin
2021-08-23 15:36:09,181 [INFO] IPUIPlugin:74 - create IPUIPlugin
2021-08-23 15:36:09,181 [INFO] IPUIPlugin:74 - create IPUIPlugin
2021-08-23 15:36:09,181 [INFO] IPUIPlugin:74 - create IPUIPlugin
2021-08-23 15:36:09,182 [INFO] IPUIPlugin:74 - create IPUIPlugin
2021-08-23 15:36:09,182 [INFO] IPUIPlugin:74 - create IPUIPlugin
2021-08-23 15:36:09,182 [INFO] IPUIPlugin:74 - create IPUIPlugin
2021-08-23 15:36:09,183 [INFO] IPUIPlugin:74 - create IPUIPlugin
2021-08-23 15:36:09,183 [INFO] IPUIPlugin:74 - create IPUIPlugin
2021-08-23 15:36:09,184 [INFO] IPUIPlugin:74 - create IPUIPlugin
2021-08-23 15:36:09,184 [INFO] IPUIPlugin:74 - create IPUIPlugin
2021-08-23 15:36:09,184 [INFO] IPUIPlugin:74 - create IPUIPlugin
2021-08-23 15:36:09,185 [INFO] IPUIPlugin:74 - create IPUIPlugin
2021-08-23 15:36:09,185 [INFO] IPUIPlugin:74 - create IPUIPlugin
2021-08-23 15:36:09,186 [INFO] IPUIPlugin:74 - create IPUIPlugin
2021-08-23 15:36:09,186 [INFO] IPUIPlugin:74 - create IPUIPlugin
2021-08-23 15:36:09,187 [INFO] IPUIPlugin:74 - create IPUIPlugin
2021-08-23 15:36:09,187 [INFO] IPUIPlugin:74 - create IPUIPlugin
2021-08-23 15:36:09,187 [INFO] IPUIPlugin:74 - create IPUIPlugin
2021-08-23 15:36:09,188 [INFO] IPUIPlugin:74 - create IPUIPlugin
2021-08-23 15:36:09,188 [INFO] IPUIPlugin:74 - create IPUIPlugin
2021-08-23 15:36:09,189 [INFO] IPUIPlugin:74 - create IPUIPlugin
2021-08-23 15:36:09,189 [INFO] IPUIPlugin:74 - create IPUIPlugin
2021-08-23 15:36:09,190 [INFO] IPUIPlugin:74 - create IPUIPlugin
2021-08-23 15:36:09,191 [INFO] IPUIPlugin:74 - create IPUIPlugin
2021-08-23 15:36:09,191 [INFO] IPUIPlugin:74 - create IPUIPlugin
2021-08-23 15:36:09,192 [INFO] IPUIPlugin:74 - create IPUIPlugin
2021-08-23 15:36:09,192 [INFO] IPUIPlugin:74 - create IPUIPlugin
2021-08-23 15:36:09,193 [INFO] IPUIPlugin:74 - create IPUIPlugin
2021-08-23 15:36:09,194 [INFO] IPUIPlugin:74 - create IPUIPlugin
2021-08-23 15:36:09,194 [INFO] IPUIPlugin:74 - create IPUIPlugin
2021-08-23 15:36:09,195 [INFO] IPUIPlugin:74 - create IPUIPlugin
2021-08-23 15:36:09,196 [INFO] IPUIPlugin:74 - create IPUIPlugin
2021-08-23 15:36:09,197 [INFO] IPUIPlugin:74 - create IPUIPlugin
2021-08-23 15:36:09,198 [INFO] IPUIPlugin:74 - create IPUIPlugin
2021-08-23 15:36:09,199 [INFO] IPUIPlugin:74 - create IPUIPlugin
2021-08-23 15:36:09,200 [INFO] IPUIPlugin:74 - create IPUIPlugin
2021-08-23 15:36:09,201 [INFO] IPUIPlugin:74 - create IPUIPlugin
2021-08-23 15:36:09,231 [INFO] ApiDbMcu:468 - Load IP Config File for PDM2PCM
2021-08-23 15:36:09,317 [INFO] OpenFileManager:333 - Restore cursor
2021-08-23 16:02:24,637 [INFO] Gpio:254 - dependency for GPIO []
2021-08-23 16:02:29,265 [INFO] UtilMem:74 - End SaveConfig() Used Memory: 627308288 Bytes (754974720)
2021-08-23 16:02:30,162 [INFO] UtilMem:74 - End SaveConfig() Used Memory: 661389056 Bytes (754974720)
2021-08-23 16:02:37,862 [INFO] UtilMem:74 - End SaveConfig() Used Memory: 582788840 Bytes (754974720)
2021-08-23 16:02:38,143 [INFO] BlockDiagram:2740 - set Specific Code input for plugin: SYS
2021-08-23 16:02:38,143 [INFO] BlockDiagram:2740 - set Specific Code input for plugin: RCC
2021-08-23 16:02:38,143 [INFO] BlockDiagram:2740 - set Specific Code input for plugin: NVIC
2021-08-23 16:02:38,143 [INFO] BlockDiagram:2740 - set Specific Code input for plugin: GPIO
2021-08-23 16:02:38,144 [INFO] CodeGenerator:663 - code generatio: config db path: E:\STM32CubeIDE_1.7.0\STM32CubeIDE\plugins\com.st.stm32cube.common.mx_6.3.0.202107141111\\db\
2021-08-23 16:02:38,708 [INFO] CodeEngine:239 - oldGeneratedFile, C:\Users\179\Desktop\Repository\MICROCONTROLLER-APPLICATION-AND-DEVELOPMENT-2021\Lab\Lab01\MXTmpFiles\license.tmp_save
2021-08-23 16:02:38,979 [INFO] CodeEngine:257 - Generated code: C:\Users\179\Desktop\Repository\MICROCONTROLLER-APPLICATION-AND-DEVELOPMENT-2021\Lab\Lab01\MXTmpFiles\license.tmp
2021-08-23 16:02:39,061 [INFO] CodeEngine:239 - oldGeneratedFile, C:\Users\179\Desktop\Repository\MICROCONTROLLER-APPLICATION-AND-DEVELOPMENT-2021\Lab\Lab01\Core\Src\gpio.c_save
2021-08-23 16:02:39,176 [INFO] CodeEngine:257 - Generated code: C:\Users\179\Desktop\Repository\MICROCONTROLLER-APPLICATION-AND-DEVELOPMENT-2021\Lab\Lab01\Core\Src\gpio.c
2021-08-23 16:02:39,184 [INFO] CodeEngine:239 - oldGeneratedFile, C:\Users\179\Desktop\Repository\MICROCONTROLLER-APPLICATION-AND-DEVELOPMENT-2021\Lab\Lab01\Core\Inc\gpio.h_save
2021-08-23 16:02:39,265 [INFO] CodeEngine:257 - Generated code: C:\Users\179\Desktop\Repository\MICROCONTROLLER-APPLICATION-AND-DEVELOPMENT-2021\Lab\Lab01\Core\Inc\gpio.h
2021-08-23 16:02:39,296 [INFO] CodeEngine:239 - oldGeneratedFile, C:\Users\179\Desktop\Repository\MICROCONTROLLER-APPLICATION-AND-DEVELOPMENT-2021\Lab\Lab01\Core\Src\stm32f4xx_it.c_save
2021-08-23 16:02:39,402 [INFO] CodeEngine:257 - Generated code: C:\Users\179\Desktop\Repository\MICROCONTROLLER-APPLICATION-AND-DEVELOPMENT-2021\Lab\Lab01\Core\Src\stm32f4xx_it.c
2021-08-23 16:02:39,410 [INFO] CodeEngine:239 - oldGeneratedFile, C:\Users\179\Desktop\Repository\MICROCONTROLLER-APPLICATION-AND-DEVELOPMENT-2021\Lab\Lab01\Core\Inc\stm32f4xx_it.h_save
2021-08-23 16:02:39,483 [INFO] CodeEngine:257 - Generated code: C:\Users\179\Desktop\Repository\MICROCONTROLLER-APPLICATION-AND-DEVELOPMENT-2021\Lab\Lab01\Core\Inc\stm32f4xx_it.h
2021-08-23 16:02:39,516 [INFO] CodeEngine:239 - oldGeneratedFile, C:\Users\179\Desktop\Repository\MICROCONTROLLER-APPLICATION-AND-DEVELOPMENT-2021\Lab\Lab01\Core\Src\stm32f4xx_hal_msp.c_save
2021-08-23 16:02:39,608 [INFO] CodeEngine:257 - Generated code: C:\Users\179\Desktop\Repository\MICROCONTROLLER-APPLICATION-AND-DEVELOPMENT-2021\Lab\Lab01\Core\Src\stm32f4xx_hal_msp.c
2021-08-23 16:02:39,610 [INFO] CodeEngine:239 - oldGeneratedFile, C:\Users\179\Desktop\Repository\MICROCONTROLLER-APPLICATION-AND-DEVELOPMENT-2021\Lab\Lab01\MXTmpFiles\system.tmp_save
2021-08-23 16:02:39,680 [INFO] CodeEngine:257 - Generated code: C:\Users\179\Desktop\Repository\MICROCONTROLLER-APPLICATION-AND-DEVELOPMENT-2021\Lab\Lab01\MXTmpFiles\system.tmp
2021-08-23 16:02:39,691 [INFO] CodeEngine:239 - oldGeneratedFile, C:\Users\179\Desktop\Repository\MICROCONTROLLER-APPLICATION-AND-DEVELOPMENT-2021\Lab\Lab01\Core\Inc\stm32f4xx_hal_conf.h_save
2021-08-23 16:02:39,771 [INFO] CodeEngine:257 - Generated code: C:\Users\179\Desktop\Repository\MICROCONTROLLER-APPLICATION-AND-DEVELOPMENT-2021\Lab\Lab01\Core\Inc\stm32f4xx_hal_conf.h
2021-08-23 16:02:39,851 [INFO] CodeEngine:239 - oldGeneratedFile, C:\Users\179\Desktop\Repository\MICROCONTROLLER-APPLICATION-AND-DEVELOPMENT-2021\Lab\Lab01\Core\Inc\main.h_save
2021-08-23 16:02:39,923 [INFO] CodeEngine:257 - Generated code: C:\Users\179\Desktop\Repository\MICROCONTROLLER-APPLICATION-AND-DEVELOPMENT-2021\Lab\Lab01\Core\Inc\main.h
2021-08-23 16:02:39,931 [INFO] CodeEngine:239 - oldGeneratedFile, C:\Users\179\Desktop\Repository\MICROCONTROLLER-APPLICATION-AND-DEVELOPMENT-2021\Lab\Lab01\Core\Src\main.c_save
2021-08-23 16:02:40,042 [INFO] CodeEngine:257 - Generated code: C:\Users\179\Desktop\Repository\MICROCONTROLLER-APPLICATION-AND-DEVELOPMENT-2021\Lab\Lab01\Core\Src\main.c
2021-08-23 16:02:40,693 [INFO] ProjectBuilder:2578 - Time for Copy HAL[1] : 73mS.
2021-08-23 16:02:40,697 [INFO] ProjectBuilder:3622 - Project Generator version: 3.14.1
2021-08-23 16:02:41,128 [INFO] ConfigFileManager:1271 - The Die is : DIE419
2021-08-23 16:02:41,142 [INFO] ApiDbMcu:468 - Load IP Config File for FATFS
2021-08-23 16:02:41,165 [INFO] ApiDbMcu:468 - Load IP Config File for FREERTOS
2021-08-23 16:02:41,171 [INFO] ApiDbMcu:468 - Load IP Config File for LIBJPEG
2021-08-23 16:02:41,223 [INFO] ApiDbMcu:468 - Load IP Config File for LWIP
2021-08-23 16:02:41,254 [INFO] ApiDbMcu:468 - Load IP Config File for MBEDTLS
2021-08-23 16:02:41,282 [INFO] ApiDbMcu:468 - Load IP Config File for USB_DEVICE
2021-08-23 16:02:41,291 [INFO] ApiDbMcu:468 - Load IP Config File for USB_HOST
2021-08-23 16:02:43,303 [INFO] ProjectBuilder:3789 - Time for Generating toolchain IDE Files: 2606mS.
2021-08-23 16:02:43,304 [INFO] ProjectBuilder:2457 - Time for Copy CMSIS : 0mS.
2021-08-23 16:02:43,306 [INFO] ProjectBuilder:2457 - Time for Copy CMSIS : 0mS.
2021-08-23 16:05:29,401 [INFO] UtilMem:74 - End SaveConfig() Used Memory: 460223808 Bytes (865075200)
2021-08-23 16:05:30,261 [INFO] UtilMem:74 - End SaveConfig() Used Memory: 526284096 Bytes (865075200)
2021-08-23 16:05:30,760 [INFO] UtilMem:74 - End SaveConfig() Used Memory: 594441536 Bytes (865075200)
2021-08-23 16:05:31,022 [INFO] BlockDiagram:2740 - set Specific Code input for plugin: SYS
2021-08-23 16:05:31,022 [INFO] BlockDiagram:2740 - set Specific Code input for plugin: RCC
2021-08-23 16:05:31,023 [INFO] BlockDiagram:2740 - set Specific Code input for plugin: NVIC
2021-08-23 16:05:31,023 [INFO] BlockDiagram:2740 - set Specific Code input for plugin: GPIO
2021-08-23 16:05:31,024 [INFO] CodeGenerator:663 - code generatio: config db path: E:\STM32CubeIDE_1.7.0\STM32CubeIDE\plugins\com.st.stm32cube.common.mx_6.3.0.202107141111\\db\
2021-08-23 16:05:31,437 [INFO] CodeEngine:239 - oldGeneratedFile, C:\Users\179\Desktop\Repository\MICROCONTROLLER-APPLICATION-AND-DEVELOPMENT-2021\Lab\Lab01\MXTmpFiles\license.tmp_save
2021-08-23 16:05:31,556 [INFO] CodeEngine:257 - Generated code: C:\Users\179\Desktop\Repository\MICROCONTROLLER-APPLICATION-AND-DEVELOPMENT-2021\Lab\Lab01\MXTmpFiles\license.tmp
2021-08-23 16:05:31,573 [INFO] CodeEngine:239 - oldGeneratedFile, C:\Users\179\Desktop\Repository\MICROCONTROLLER-APPLICATION-AND-DEVELOPMENT-2021\Lab\Lab01\Core\Src\gpio.c_save
2021-08-23 16:05:31,638 [INFO] CodeEngine:257 - Generated code: C:\Users\179\Desktop\Repository\MICROCONTROLLER-APPLICATION-AND-DEVELOPMENT-2021\Lab\Lab01\Core\Src\gpio.c
2021-08-23 16:05:31,642 [INFO] CodeEngine:239 - oldGeneratedFile, C:\Users\179\Desktop\Repository\MICROCONTROLLER-APPLICATION-AND-DEVELOPMENT-2021\Lab\Lab01\Core\Inc\gpio.h_save
2021-08-23 16:05:31,697 [INFO] CodeEngine:257 - Generated code: C:\Users\179\Desktop\Repository\MICROCONTROLLER-APPLICATION-AND-DEVELOPMENT-2021\Lab\Lab01\Core\Inc\gpio.h
2021-08-23 16:05:31,720 [INFO] CodeEngine:239 - oldGeneratedFile, C:\Users\179\Desktop\Repository\MICROCONTROLLER-APPLICATION-AND-DEVELOPMENT-2021\Lab\Lab01\Core\Src\stm32f4xx_it.c_save
2021-08-23 16:05:31,804 [INFO] CodeEngine:257 - Generated code: C:\Users\179\Desktop\Repository\MICROCONTROLLER-APPLICATION-AND-DEVELOPMENT-2021\Lab\Lab01\Core\Src\stm32f4xx_it.c
2021-08-23 16:05:31,807 [INFO] CodeEngine:239 - oldGeneratedFile, C:\Users\179\Desktop\Repository\MICROCONTROLLER-APPLICATION-AND-DEVELOPMENT-2021\Lab\Lab01\Core\Inc\stm32f4xx_it.h_save
2021-08-23 16:05:31,861 [INFO] CodeEngine:257 - Generated code: C:\Users\179\Desktop\Repository\MICROCONTROLLER-APPLICATION-AND-DEVELOPMENT-2021\Lab\Lab01\Core\Inc\stm32f4xx_it.h
2021-08-23 16:05:31,875 [INFO] CodeEngine:239 - oldGeneratedFile, C:\Users\179\Desktop\Repository\MICROCONTROLLER-APPLICATION-AND-DEVELOPMENT-2021\Lab\Lab01\Core\Src\stm32f4xx_hal_msp.c_save
2021-08-23 16:05:31,958 [INFO] CodeEngine:257 - Generated code: C:\Users\179\Desktop\Repository\MICROCONTROLLER-APPLICATION-AND-DEVELOPMENT-2021\Lab\Lab01\Core\Src\stm32f4xx_hal_msp.c
2021-08-23 16:05:31,961 [INFO] CodeEngine:239 - oldGeneratedFile, C:\Users\179\Desktop\Repository\MICROCONTROLLER-APPLICATION-AND-DEVELOPMENT-2021\Lab\Lab01\MXTmpFiles\system.tmp_save
2021-08-23 16:05:32,013 [INFO] CodeEngine:257 - Generated code: C:\Users\179\Desktop\Repository\MICROCONTROLLER-APPLICATION-AND-DEVELOPMENT-2021\Lab\Lab01\MXTmpFiles\system.tmp
2021-08-23 16:05:32,025 [INFO] CodeEngine:239 - oldGeneratedFile, C:\Users\179\Desktop\Repository\MICROCONTROLLER-APPLICATION-AND-DEVELOPMENT-2021\Lab\Lab01\Core\Inc\stm32f4xx_hal_conf.h_save
2021-08-23 16:05:32,115 [INFO] CodeEngine:257 - Generated code: C:\Users\179\Desktop\Repository\MICROCONTROLLER-APPLICATION-AND-DEVELOPMENT-2021\Lab\Lab01\Core\Inc\stm32f4xx_hal_conf.h
2021-08-23 16:05:32,145 [INFO] CodeEngine:239 - oldGeneratedFile, C:\Users\179\Desktop\Repository\MICROCONTROLLER-APPLICATION-AND-DEVELOPMENT-2021\Lab\Lab01\Core\Inc\main.h_save
2021-08-23 16:05:32,208 [INFO] CodeEngine:257 - Generated code: C:\Users\179\Desktop\Repository\MICROCONTROLLER-APPLICATION-AND-DEVELOPMENT-2021\Lab\Lab01\Core\Inc\main.h
2021-08-23 16:05:32,216 [INFO] CodeEngine:239 - oldGeneratedFile, C:\Users\179\Desktop\Repository\MICROCONTROLLER-APPLICATION-AND-DEVELOPMENT-2021\Lab\Lab01\Core\Src\main.c_save
2021-08-23 16:05:32,305 [INFO] CodeEngine:257 - Generated code: C:\Users\179\Desktop\Repository\MICROCONTROLLER-APPLICATION-AND-DEVELOPMENT-2021\Lab\Lab01\Core\Src\main.c
2021-08-23 16:05:32,924 [INFO] ProjectBuilder:2578 - Time for Copy HAL[1] : 59mS.
2021-08-23 16:05:32,928 [INFO] ProjectBuilder:3622 - Project Generator version: 3.14.1
2021-08-23 16:05:33,297 [INFO] ConfigFileManager:1271 - The Die is : DIE419
2021-08-23 16:05:34,649 [INFO] ProjectBuilder:3789 - Time for Generating toolchain IDE Files: 1721mS.
2021-08-23 16:05:34,650 [INFO] ProjectBuilder:2457 - Time for Copy CMSIS : 0mS.
2021-08-23 16:05:34,652 [INFO] ProjectBuilder:2457 - Time for Copy CMSIS : 0mS.
2021-08-23 16:06:38,478 [INFO] UtilMem:74 - End SaveConfig() Used Memory: 336818120 Bytes (873463808)
2021-08-23 16:06:49,919 [INFO] Gpio:254 - dependency for GPIO []
2021-08-23 16:06:55,013 [INFO] Gpio:254 - dependency for GPIO []
2021-08-23 16:07:08,548 [INFO] UtilMem:74 - End SaveConfig() Used Memory: 591771648 Bytes (873463808)
2021-08-23 16:07:10,946 [INFO] UtilMem:74 - End SaveConfig() Used Memory: 625848320 Bytes (873463808)
2021-08-23 16:07:11,425 [INFO] UtilMem:74 - End SaveConfig() Used Memory: 676238632 Bytes (873463808)
2021-08-23 16:07:11,699 [INFO] BlockDiagram:2740 - set Specific Code input for plugin: SYS
2021-08-23 16:07:11,699 [INFO] BlockDiagram:2740 - set Specific Code input for plugin: RCC
2021-08-23 16:07:11,699 [INFO] BlockDiagram:2740 - set Specific Code input for plugin: NVIC
2021-08-23 16:07:11,699 [INFO] BlockDiagram:2740 - set Specific Code input for plugin: GPIO
2021-08-23 16:07:11,700 [INFO] CodeGenerator:663 - code generatio: config db path: E:\STM32CubeIDE_1.7.0\STM32CubeIDE\plugins\com.st.stm32cube.common.mx_6.3.0.202107141111\\db\
2021-08-23 16:07:12,113 [INFO] CodeEngine:239 - oldGeneratedFile, C:\Users\179\Desktop\Repository\MICROCONTROLLER-APPLICATION-AND-DEVELOPMENT-2021\Lab\Lab01\MXTmpFiles\license.tmp_save
2021-08-23 16:07:12,163 [INFO] CodeEngine:257 - Generated code: C:\Users\179\Desktop\Repository\MICROCONTROLLER-APPLICATION-AND-DEVELOPMENT-2021\Lab\Lab01\MXTmpFiles\license.tmp
2021-08-23 16:07:12,179 [INFO] CodeEngine:239 - oldGeneratedFile, C:\Users\179\Desktop\Repository\MICROCONTROLLER-APPLICATION-AND-DEVELOPMENT-2021\Lab\Lab01\Core\Src\gpio.c_save
2021-08-23 16:07:12,244 [INFO] CodeEngine:257 - Generated code: C:\Users\179\Desktop\Repository\MICROCONTROLLER-APPLICATION-AND-DEVELOPMENT-2021\Lab\Lab01\Core\Src\gpio.c
2021-08-23 16:07:12,249 [INFO] CodeEngine:239 - oldGeneratedFile, C:\Users\179\Desktop\Repository\MICROCONTROLLER-APPLICATION-AND-DEVELOPMENT-2021\Lab\Lab01\Core\Inc\gpio.h_save
2021-08-23 16:07:12,305 [INFO] CodeEngine:257 - Generated code: C:\Users\179\Desktop\Repository\MICROCONTROLLER-APPLICATION-AND-DEVELOPMENT-2021\Lab\Lab01\Core\Inc\gpio.h
2021-08-23 16:07:12,329 [INFO] CodeEngine:239 - oldGeneratedFile, C:\Users\179\Desktop\Repository\MICROCONTROLLER-APPLICATION-AND-DEVELOPMENT-2021\Lab\Lab01\Core\Src\stm32f4xx_it.c_save
2021-08-23 16:07:12,399 [INFO] CodeEngine:257 - Generated code: C:\Users\179\Desktop\Repository\MICROCONTROLLER-APPLICATION-AND-DEVELOPMENT-2021\Lab\Lab01\Core\Src\stm32f4xx_it.c
2021-08-23 16:07:12,403 [INFO] CodeEngine:239 - oldGeneratedFile, C:\Users\179\Desktop\Repository\MICROCONTROLLER-APPLICATION-AND-DEVELOPMENT-2021\Lab\Lab01\Core\Inc\stm32f4xx_it.h_save
2021-08-23 16:07:12,467 [INFO] CodeEngine:257 - Generated code: C:\Users\179\Desktop\Repository\MICROCONTROLLER-APPLICATION-AND-DEVELOPMENT-2021\Lab\Lab01\Core\Inc\stm32f4xx_it.h
2021-08-23 16:07:12,484 [INFO] CodeEngine:239 - oldGeneratedFile, C:\Users\179\Desktop\Repository\MICROCONTROLLER-APPLICATION-AND-DEVELOPMENT-2021\Lab\Lab01\Core\Src\stm32f4xx_hal_msp.c_save
2021-08-23 16:07:12,578 [INFO] CodeEngine:257 - Generated code: C:\Users\179\Desktop\Repository\MICROCONTROLLER-APPLICATION-AND-DEVELOPMENT-2021\Lab\Lab01\Core\Src\stm32f4xx_hal_msp.c
2021-08-23 16:07:12,581 [INFO] CodeEngine:239 - oldGeneratedFile, C:\Users\179\Desktop\Repository\MICROCONTROLLER-APPLICATION-AND-DEVELOPMENT-2021\Lab\Lab01\MXTmpFiles\system.tmp_save
2021-08-23 16:07:12,639 [INFO] CodeEngine:257 - Generated code: C:\Users\179\Desktop\Repository\MICROCONTROLLER-APPLICATION-AND-DEVELOPMENT-2021\Lab\Lab01\MXTmpFiles\system.tmp
2021-08-23 16:07:12,652 [INFO] CodeEngine:239 - oldGeneratedFile, C:\Users\179\Desktop\Repository\MICROCONTROLLER-APPLICATION-AND-DEVELOPMENT-2021\Lab\Lab01\Core\Inc\stm32f4xx_hal_conf.h_save
2021-08-23 16:07:12,744 [INFO] CodeEngine:257 - Generated code: C:\Users\179\Desktop\Repository\MICROCONTROLLER-APPLICATION-AND-DEVELOPMENT-2021\Lab\Lab01\Core\Inc\stm32f4xx_hal_conf.h
2021-08-23 16:07:12,779 [INFO] CodeEngine:239 - oldGeneratedFile, C:\Users\179\Desktop\Repository\MICROCONTROLLER-APPLICATION-AND-DEVELOPMENT-2021\Lab\Lab01\Core\Inc\main.h_save
2021-08-23 16:07:12,915 [INFO] CodeEngine:257 - Generated code: C:\Users\179\Desktop\Repository\MICROCONTROLLER-APPLICATION-AND-DEVELOPMENT-2021\Lab\Lab01\Core\Inc\main.h
2021-08-23 16:07:12,923 [INFO] CodeEngine:239 - oldGeneratedFile, C:\Users\179\Desktop\Repository\MICROCONTROLLER-APPLICATION-AND-DEVELOPMENT-2021\Lab\Lab01\Core\Src\main.c_save
2021-08-23 16:07:13,008 [INFO] CodeEngine:257 - Generated code: C:\Users\179\Desktop\Repository\MICROCONTROLLER-APPLICATION-AND-DEVELOPMENT-2021\Lab\Lab01\Core\Src\main.c
2021-08-23 16:07:13,617 [INFO] ProjectBuilder:2578 - Time for Copy HAL[1] : 53mS.
2021-08-23 16:07:13,620 [INFO] ProjectBuilder:3622 - Project Generator version: 3.14.1
2021-08-23 16:07:14,014 [INFO] ConfigFileManager:1271 - The Die is : DIE419
2021-08-23 16:07:15,486 [INFO] ProjectBuilder:3789 - Time for Generating toolchain IDE Files: 1866mS.
2021-08-23 16:07:15,487 [INFO] ProjectBuilder:2457 - Time for Copy CMSIS : 1mS.
2021-08-23 16:07:15,489 [INFO] ProjectBuilder:2457 - Time for Copy CMSIS : 0mS.
2021-08-23 16:29:56,255 [INFO] Activator:177 - 


2021-08-23 16:29:56,256 [INFO] Activator:178 - !SESSION log4j initialized
